Setting target instruction set architecture to: Default (Advanced Vector Extension 2 (AVX2))
OpenCL Intel CPU device was found!
Device name: Intel(R) Core(TM) i5-6300U CPU @ 2.40GHz
Device version: OpenCL 2.0 (Build 10094)
Device vendor: Intel(R) Corporation
Device profile: FULL_PROFILE
Compilation started
Compilation done
Linking started
Linking done
Device build started
Device build done
Kernel <gemv> was successfully vectorized (8)
Kernel <gemv_no_memAccess> was successfully vectorized (8)
Kernel <gemv_blank> was successfully vectorized (8)
Kernel <gemv_no_SIMD> was successfully vectorized (8)
Done.
gemv info:
	Maximum work-group size: 2048
	Compiler work-group size: (0, 0, 0)
	Local memory size: 0
	Preferred multiple of work-group size: 128
	Minimum amount of private memory: 128

gemv_no_memAccess info:
	Maximum work-group size: 2048
	Compiler work-group size: (0, 0, 0)
	Local memory size: 0
	Preferred multiple of work-group size: 128
	Minimum amount of private memory: 128

gemv_blank info:
	Maximum work-group size: 8192
	Compiler work-group size: (0, 0, 0)
	Local memory size: 0
	Preferred multiple of work-group size: 128
	Minimum amount of private memory: 0

gemv_no_SIMD info:
	Maximum work-group size: 2048
	Compiler work-group size: (0, 0, 0)
	Local memory size: 0
	Preferred multiple of work-group size: 128
	Minimum amount of private memory: 128

Build succeeded!
