Setting target instruction set architecture to: Default (Advanced Vector Extension 2 (AVX2))
OpenCL Intel CPU device was found!
Device name: Intel(R) Core(TM) i5-4200U CPU @ 1.60GHz
Device version: OpenCL 1.2 (Build 148)
Device vendor: Intel(R) Corporation
Device profile: FULL_PROFILE
Compilation started
Compilation done
Linking started
Linking done
Device build started
Device build done
Kernel <gemv> was successfully vectorized
Done.
gemv info:
	Maximum work-group size: 8192
	Compiler work-group size: (0, 0, 0)
	Local memory size: 0
	Preferred multiple of work-group size: 128
	Minimum amount of private memory: 0

Build succeeded!
